Build started 7/26/2016 2:03:05 PM.
     1>Project "D:\Users\spc1802\physics\physics-trussPhysics\TrussIssues\Base\Base.vcxproj" on node 2 (Build target(s)).
     1>ClCompile:
         C:\Program Files (x86)\Microsoft Visual Studio 12.0\VC\bin\CL.exe /c /I"D:\Users\spc1802\physics\physics-trussPhysics\TrussIssues\Base\\include" /ZI /nologo /W3 /WX- /sdl /Od /Oy- /D _MBCS /Gm /EHsc /RTC1 /MDd /GS /fp:precise /Zc:wchar_t /Zc:forScope /Fo"Debug\\" /Fd"Debug\vc120.pdb" /Gd /TP /analyze- /errorReport:prompt main.cpp
         main.cpp
     1>d:\users\spc1802\physics\physics-trussphysics\trussissues\base\main.cpp(170): warning C4018: '<' : signed/unsigned mismatch
     1>d:\users\spc1802\physics\physics-trussphysics\trussissues\base\main.cpp(172): warning C4018: '<' : signed/unsigned mismatch
     1>d:\users\spc1802\physics\physics-trussphysics\trussissues\base\main.cpp(297): warning C4305: 'argument' : truncation from 'double' to 'float'
     1>d:\users\spc1802\physics\physics-trussphysics\trussissues\base\main.cpp(345): warning C4244: '=' : conversion from 'double' to 'int', possible loss of data
     1>d:\users\spc1802\physics\physics-trussphysics\trussissues\base\main.cpp(374): warning C4244: 'argument' : conversion from 'double' to 'float', possible loss of data
       Link:
         C:\Program Files (x86)\Microsoft Visual Studio 12.0\VC\bin\link.exe /ERRORREPORT:PROMPT /OUT:"D:\Users\spc1802\physics\physics-trussPhysics\TrussIssues\Debug\Base.exe" /INCREMENTAL /NOLOGO /LIBPATH:"D:\Users\spc1802\physics\physics-trussPhysics\TrussIssues\Base\\lib" opengl32.lib glew32.lib glfw3.lib kernel32.lib user32.lib gdi32.lib winspool.lib comdlg32.lib advapi32.lib shell32.lib ole32.lib oleaut32.lib uuid.lib odbc32.lib odbccp32.lib /MANIFEST /MANIFESTUAC:"level='asInvoker' uiAccess='false'" /manifest:embed /DEBUG /PDB:"D:\Users\spc1802\physics\physics-trussPhysics\TrussIssues\Debug\Base.pdb" /TLBID:1 /DYNAMICBASE /NXCOMPAT /IMPLIB:"D:\Users\spc1802\physics\physics-trussPhysics\TrussIssues\Debug\Base.lib" /MACHINE:X86 Debug\main.obj
         Debug\Mesh.obj
         Debug\MeshEBuf.obj
         Debug\ShaderLoader.obj
     1>LINK : warning LNK4098: defaultlib 'MSVCRT' conflicts with use of other libs; use /NODEFAULTLIB:library
         Base.vcxproj -> D:\Users\spc1802\physics\physics-trussPhysics\TrussIssues\Debug\Base.exe
     1>Done Building Project "D:\Users\spc1802\physics\physics-trussPhysics\TrussIssues\Base\Base.vcxproj" (Build target(s)).

Build succeeded.

Time Elapsed 00:00:02.92
